<?xml version="1.0" encoding="UTF-8"?>
<!-- Generated by org.testng.reporters.JUnitReportReporter -->
<testsuite skipped="0" hostname="LAPTOP-RKCA4JQ1" name="test.TestSam" tests="1" failures="0" timestamp="13 Jan 2021 07:26:11 GMT" time="5.531" errors="0">
  <testcase name="login" time="5.531" classname="test.TestSam"/>
</testsuite> <!-- test.TestSam -->
