<?xml version="1.0" encoding="UTF-8"?>
<!-- Generated by org.testng.reporters.JUnitReportReporter -->
<testsuite skipped="0" hostname="LAPTOP-RKCA4JQ1" name="test.TestSam" tests="1" failures="0" timestamp="13 Jan 2021 07:10:08 GMT" time="4.269" errors="0">
  <testcase name="login" time="4.269" classname="test.TestSam"/>
</testsuite> <!-- test.TestSam -->
